[2020-02-03 09:44:21] local.ERROR: Class 'phpRoute' not found {"exception":"[object] (Symfony\\Component\\Debug\\Exception\\FatalThrowableError(code: 0): Class 'phpRoute' not found at /home/minhcand/public_html/catba.guidevoyagevietnamlaos.com/routes/frontend/route-user.php:1)
[stacktrace]
#0 /home/minhcand/public_html/catba.guidevoyagevietnamlaos.com/routes/frontend/route_frontend.php(4): require()
#1 /home/minhcand/public_html/catba.guidevoyagevietnamlaos.com/routes/web.php(14): require('/home/minhcand/...')
#2 /home/minhcand/public_html/catba.guidevoyagevietnamlaos.com/vendor/laravel/framework/src/Illuminate/Routing/Router.php(417): require('/home/minhcand/...')
#3 /home/minhcand/public_html/catba.guidevoyagevietnamlaos.com/vendor/laravel/framework/src/Illuminate/Routing/Router.php(373): Illuminate\\Routing\\Router->loadRoutes('/home/minhcand/...')
#4 /home/minhcand/public_html/catba.guidevoyagevietnamlaos.com/vendor/laravel/framework/src/Illuminate/Routing/RouteRegistrar.php(121): Illuminate\\Routing\\Router->group(Array, '/home/minhcand/...')
#5 /home/minhcand/public_html/catba.guidevoyagevietnamlaos.com/app/Providers/RouteServiceProvider.php(56): Illuminate\\Routing\\RouteRegistrar->group('/home/minhcand/...')
#6 /home/minhcand/public_html/catba.guidevoyagevietnamlaos.com/app/Providers/RouteServiceProvider.php(40): App\\Providers\\RouteServiceProvider->mapWebRoutes()
#7 [internal function]: App\\Providers\\RouteServiceProvider->map()
#8 /home/minhcand/public_html/catba.guidevoyagevietnamlaos.com/vendor/laravel/framework/src/Illuminate/Container/BoundMethod.php(29): call_user_func_array(Array, Array)
#9 /home/minhcand/public_html/catba.guidevoyagevietnamlaos.com/vendor/laravel/framework/src/Illuminate/Container/BoundMethod.php(87): Illuminate\\Container\\BoundMethod::Illuminate\\Container\\{closure}()
#10 /home/minhcand/public_html/catba.guidevoyagevietnamlaos.com/vendor/laravel/framework/src/Illuminate/Container/BoundMethod.php(31): Illuminate\\Container\\BoundMethod::callBoundMethod(Object(Illuminate\\Foundation\\Application), Array, Object(Closure))
#11 /home/minhcand/public_html/catba.guidevoyagevietnamlaos.com/vendor/laravel/framework/src/Illuminate/Container/Container.php(572): Illuminate\\Container\\BoundMethod::call(Object(Illuminate\\Foundation\\Application), Array, Array, NULL)
#12 /home/minhcand/public_html/catba.guidevoyagevietnamlaos.com/vendor/laravel/framework/src/Illuminate/Foundation/Support/Providers/RouteServiceProvider.php(77): Illuminate\\Container\\Container->call(Array)
#13 /home/minhcand/public_html/catba.guidevoyagevietnamlaos.com/vendor/laravel/framework/src/Illuminate/Foundation/Support/Providers/RouteServiceProvider.php(36): Illuminate\\Foundation\\Support\\Providers\\RouteServiceProvider->loadRoutes()
#14 /home/minhcand/public_html/catba.guidevoyagevietnamlaos.com/app/Providers/RouteServiceProvider.php(28): Illuminate\\Foundation\\Support\\Providers\\RouteServiceProvider->boot()
#15 [internal function]: App\\Providers\\RouteServiceProvider->boot()
#16 /home/minhcand/public_html/catba.guidevoyagevietnamlaos.com/vendor/laravel/framework/src/Illuminate/Container/BoundMethod.php(29): call_user_func_array(Array, Array)
#17 /home/minhcand/public_html/catba.guidevoyagevietnamlaos.com/vendor/laravel/framework/src/Illuminate/Container/BoundMethod.php(87): Illuminate\\Container\\BoundMethod::Illuminate\\Container\\{closure}()
#18 /home/minhcand/public_html/catba.guidevoyagevietnamlaos.com/vendor/laravel/framework/src/Illuminate/Container/BoundMethod.php(31): Illuminate\\Container\\BoundMethod::callBoundMethod(Object(Illuminate\\Foundation\\Application), Array, Object(Closure))
#19 /home/minhcand/public_html/catba.guidevoyagevietnamlaos.com/vendor/laravel/framework/src/Illuminate/Container/Container.php(572): Illuminate\\Container\\BoundMethod::call(Object(Illuminate\\Foundation\\Application), Array, Array, NULL)
#20 /home/minhcand/public_html/catba.guidevoyagevietnamlaos.com/vendor/laravel/framework/src/Illuminate/Foundation/Application.php(819): Illuminate\\Container\\Container->call(Array)
#21 /home/minhcand/public_html/catba.guidevoyagevietnamlaos.com/vendor/laravel/framework/src/Illuminate/Foundation/Application.php(802): Illuminate\\Foundation\\Application->bootProvider(Object(App\\Providers\\RouteServiceProvider))
#22 [internal function]: Illuminate\\Foundation\\Application->Illuminate\\Foundation\\{closure}(Object(App\\Providers\\RouteServiceProvider), 27)
#23 /home/minhcand/public_html/catba.guidevoyagevietnamlaos.com/vendor/laravel/framework/src/Illuminate/Foundation/Application.php(803): array_walk(Array, Object(Closure))
#24 /home/minhcand/public_html/catba.guidevoyagevietnamlaos.com/vendor/laravel/framework/src/Illuminate/Foundation/Bootstrap/BootProviders.php(17): Illuminate\\Foundation\\Application->boot()
#25 /home/minhcand/public_html/catba.guidevoyagevietnamlaos.com/vendor/laravel/framework/src/Illuminate/Foundation/Application.php(211): Illuminate\\Foundation\\Bootstrap\\BootProviders->bootstrap(Object(Illuminate\\Foundation\\Application))
#26 /home/minhcand/public_html/catba.guidevoyagevietnamlaos.com/vendor/laravel/framework/src/Illuminate/Foundation/Http/Kernel.php(162): Illuminate\\Foundation\\Application->bootstrapWith(Array)
#27 /home/minhcand/public_html/catba.guidevoyagevietnamlaos.com/vendor/laravel/framework/src/Illuminate/Foundation/Http/Kernel.php(146): Illuminate\\Foundation\\Http\\Kernel->bootstrap()
#28 /home/minhcand/public_html/catba.guidevoyagevietnamlaos.com/vendor/laravel/framework/src/Illuminate/Foundation/Http/Kernel.php(116): Illuminate\\Foundation\\Http\\Kernel->sendRequestThroughRouter(Object(Illuminate\\Http\\Request))
#29 /home/minhcand/public_html/catba.guidevoyagevietnamlaos.com/public/index.php(55): Illuminate\\Foundation\\Http\\Kernel->handle(Object(Illuminate\\Http\\Request))
#30 {main}
"} 
[2020-02-03 09:45:21] local.ERROR: Class 'phpRoute' not found {"exception":"[object] (Symfony\\Component\\Debug\\Exception\\FatalThrowableError(code: 0): Class 'phpRoute' not found at /home/minhcand/public_html/catba.guidevoyagevietnamlaos.com/routes/frontend/route-user.php:1)
[stacktrace]
#0 /home/minhcand/public_html/catba.guidevoyagevietnamlaos.com/routes/frontend/route_frontend.php(4): require()
#1 /home/minhcand/public_html/catba.guidevoyagevietnamlaos.com/routes/web.php(14): require('/home/minhcand/...')
#2 /home/minhcand/public_html/catba.guidevoyagevietnamlaos.com/vendor/laravel/framework/src/Illuminate/Routing/Router.php(417): require('/home/minhcand/...')
#3 /home/minhcand/public_html/catba.guidevoyagevietnamlaos.com/vendor/laravel/framework/src/Illuminate/Routing/Router.php(373): Illuminate\\Routing\\Router->loadRoutes('/home/minhcand/...')
#4 /home/minhcand/public_html/catba.guidevoyagevietnamlaos.com/vendor/laravel/framework/src/Illuminate/Routing/RouteRegistrar.php(121): Illuminate\\Routing\\Router->group(Array, '/home/minhcand/...')
#5 /home/minhcand/public_html/catba.guidevoyagevietnamlaos.com/app/Providers/RouteServiceProvider.php(56): Illuminate\\Routing\\RouteRegistrar->group('/home/minhcand/...')
#6 /home/minhcand/public_html/catba.guidevoyagevietnamlaos.com/app/Providers/RouteServiceProvider.php(40): App\\Providers\\RouteServiceProvider->mapWebRoutes()
#7 [internal function]: App\\Providers\\RouteServiceProvider->map()
#8 /home/minhcand/public_html/catba.guidevoyagevietnamlaos.com/vendor/laravel/framework/src/Illuminate/Container/BoundMethod.php(29): call_user_func_array(Array, Array)
#9 /home/minhcand/public_html/catba.guidevoyagevietnamlaos.com/vendor/laravel/framework/src/Illuminate/Container/BoundMethod.php(87): Illuminate\\Container\\BoundMethod::Illuminate\\Container\\{closure}()
#10 /home/minhcand/public_html/catba.guidevoyagevietnamlaos.com/vendor/laravel/framework/src/Illuminate/Container/BoundMethod.php(31): Illuminate\\Container\\BoundMethod::callBoundMethod(Object(Illuminate\\Foundation\\Application), Array, Object(Closure))
#11 /home/minhcand/public_html/catba.guidevoyagevietnamlaos.com/vendor/laravel/framework/src/Illuminate/Container/Container.php(572): Illuminate\\Container\\BoundMethod::call(Object(Illuminate\\Foundation\\Application), Array, Array, NULL)
#12 /home/minhcand/public_html/catba.guidevoyagevietnamlaos.com/vendor/laravel/framework/src/Illuminate/Foundation/Support/Providers/RouteServiceProvider.php(77): Illuminate\\Container\\Container->call(Array)
#13 /home/minhcand/public_html/catba.guidevoyagevietnamlaos.com/vendor/laravel/framework/src/Illuminate/Foundation/Support/Providers/RouteServiceProvider.php(36): Illuminate\\Foundation\\Support\\Providers\\RouteServiceProvider->loadRoutes()
#14 /home/minhcand/public_html/catba.guidevoyagevietnamlaos.com/app/Providers/RouteServiceProvider.php(28): Illuminate\\Foundation\\Support\\Providers\\RouteServiceProvider->boot()
#15 [internal function]: App\\Providers\\RouteServiceProvider->boot()
#16 /home/minhcand/public_html/catba.guidevoyagevietnamlaos.com/vendor/laravel/framework/src/Illuminate/Container/BoundMethod.php(29): call_user_func_array(Array, Array)
#17 /home/minhcand/public_html/catba.guidevoyagevietnamlaos.com/vendor/laravel/framework/src/Illuminate/Container/BoundMethod.php(87): Illuminate\\Container\\BoundMethod::Illuminate\\Container\\{closure}()
#18 /home/minhcand/public_html/catba.guidevoyagevietnamlaos.com/vendor/laravel/framework/src/Illuminate/Container/BoundMethod.php(31): Illuminate\\Container\\BoundMethod::callBoundMethod(Object(Illuminate\\Foundation\\Application), Array, Object(Closure))
#19 /home/minhcand/public_html/catba.guidevoyagevietnamlaos.com/vendor/laravel/framework/src/Illuminate/Container/Container.php(572): Illuminate\\Container\\BoundMethod::call(Object(Illuminate\\Foundation\\Application), Array, Array, NULL)
#20 /home/minhcand/public_html/catba.guidevoyagevietnamlaos.com/vendor/laravel/framework/src/Illuminate/Foundation/Application.php(819): Illuminate\\Container\\Container->call(Array)
#21 /home/minhcand/public_html/catba.guidevoyagevietnamlaos.com/vendor/laravel/framework/src/Illuminate/Foundation/Application.php(802): Illuminate\\Foundation\\Application->bootProvider(Object(App\\Providers\\RouteServiceProvider))
#22 [internal function]: Illuminate\\Foundation\\Application->Illuminate\\Foundation\\{closure}(Object(App\\Providers\\RouteServiceProvider), 27)
#23 /home/minhcand/public_html/catba.guidevoyagevietnamlaos.com/vendor/laravel/framework/src/Illuminate/Foundation/Application.php(803): array_walk(Array, Object(Closure))
#24 /home/minhcand/public_html/catba.guidevoyagevietnamlaos.com/vendor/laravel/framework/src/Illuminate/Foundation/Bootstrap/BootProviders.php(17): Illuminate\\Foundation\\Application->boot()
#25 /home/minhcand/public_html/catba.guidevoyagevietnamlaos.com/vendor/laravel/framework/src/Illuminate/Foundation/Application.php(211): Illuminate\\Foundation\\Bootstrap\\BootProviders->bootstrap(Object(Illuminate\\Foundation\\Application))
#26 /home/minhcand/public_html/catba.guidevoyagevietnamlaos.com/vendor/laravel/framework/src/Illuminate/Foundation/Http/Kernel.php(162): Illuminate\\Foundation\\Application->bootstrapWith(Array)
#27 /home/minhcand/public_html/catba.guidevoyagevietnamlaos.com/vendor/laravel/framework/src/Illuminate/Foundation/Http/Kernel.php(146): Illuminate\\Foundation\\Http\\Kernel->bootstrap()
#28 /home/minhcand/public_html/catba.guidevoyagevietnamlaos.com/vendor/laravel/framework/src/Illuminate/Foundation/Http/Kernel.php(116): Illuminate\\Foundation\\Http\\Kernel->sendRequestThroughRouter(Object(Illuminate\\Http\\Request))
#29 /home/minhcand/public_html/catba.guidevoyagevietnamlaos.com/public/index.php(55): Illuminate\\Foundation\\Http\\Kernel->handle(Object(Illuminate\\Http\\Request))
#30 {main}
"} 
[2020-02-03 10:20:37] local.ERROR: Class 'phpRoute' not found {"exception":"[object] (Symfony\\Component\\Debug\\Exception\\FatalThrowableError(code: 0): Class 'phpRoute' not found at /home/minhcand/public_html/catba.guidevoyagevietnamlaos.com/routes/frontend/route-user.php:1)
[stacktrace]
#0 /home/minhcand/public_html/catba.guidevoyagevietnamlaos.com/routes/frontend/route_frontend.php(4): require()
#1 /home/minhcand/public_html/catba.guidevoyagevietnamlaos.com/routes/web.php(14): require('/home/minhcand/...')
#2 /home/minhcand/public_html/catba.guidevoyagevietnamlaos.com/vendor/laravel/framework/src/Illuminate/Routing/Router.php(417): require('/home/minhcand/...')
#3 /home/minhcand/public_html/catba.guidevoyagevietnamlaos.com/vendor/laravel/framework/src/Illuminate/Routing/Router.php(373): Illuminate\\Routing\\Router->loadRoutes('/home/minhcand/...')
#4 /home/minhcand/public_html/catba.guidevoyagevietnamlaos.com/vendor/laravel/framework/src/Illuminate/Routing/RouteRegistrar.php(121): Illuminate\\Routing\\Router->group(Array, '/home/minhcand/...')
#5 /home/minhcand/public_html/catba.guidevoyagevietnamlaos.com/app/Providers/RouteServiceProvider.php(56): Illuminate\\Routing\\RouteRegistrar->group('/home/minhcand/...')
#6 /home/minhcand/public_html/catba.guidevoyagevietnamlaos.com/app/Providers/RouteServiceProvider.php(40): App\\Providers\\RouteServiceProvider->mapWebRoutes()
#7 [internal function]: App\\Providers\\RouteServiceProvider->map()
#8 /home/minhcand/public_html/catba.guidevoyagevietnamlaos.com/vendor/laravel/framework/src/Illuminate/Container/BoundMethod.php(29): call_user_func_array(Array, Array)
#9 /home/minhcand/public_html/catba.guidevoyagevietnamlaos.com/vendor/laravel/framework/src/Illuminate/Container/BoundMethod.php(87): Illuminate\\Container\\BoundMethod::Illuminate\\Container\\{closure}()
#10 /home/minhcand/public_html/catba.guidevoyagevietnamlaos.com/vendor/laravel/framework/src/Illuminate/Container/BoundMethod.php(31): Illuminate\\Container\\BoundMethod::callBoundMethod(Object(Illuminate\\Foundation\\Application), Array, Object(Closure))
#11 /home/minhcand/public_html/catba.guidevoyagevietnamlaos.com/vendor/laravel/framework/src/Illuminate/Container/Container.php(572): Illuminate\\Container\\BoundMethod::call(Object(Illuminate\\Foundation\\Application), Array, Array, NULL)
#12 /home/minhcand/public_html/catba.guidevoyagevietnamlaos.com/vendor/laravel/framework/src/Illuminate/Foundation/Support/Providers/RouteServiceProvider.php(77): Illuminate\\Container\\Container->call(Array)
#13 /home/minhcand/public_html/catba.guidevoyagevietnamlaos.com/vendor/laravel/framework/src/Illuminate/Foundation/Support/Providers/RouteServiceProvider.php(36): Illuminate\\Foundation\\Support\\Providers\\RouteServiceProvider->loadRoutes()
#14 /home/minhcand/public_html/catba.guidevoyagevietnamlaos.com/app/Providers/RouteServiceProvider.php(28): Illuminate\\Foundation\\Support\\Providers\\RouteServiceProvider->boot()
#15 [internal function]: App\\Providers\\RouteServiceProvider->boot()
#16 /home/minhcand/public_html/catba.guidevoyagevietnamlaos.com/vendor/laravel/framework/src/Illuminate/Container/BoundMethod.php(29): call_user_func_array(Array, Array)
#17 /home/minhcand/public_html/catba.guidevoyagevietnamlaos.com/vendor/laravel/framework/src/Illuminate/Container/BoundMethod.php(87): Illuminate\\Container\\BoundMethod::Illuminate\\Container\\{closure}()
#18 /home/minhcand/public_html/catba.guidevoyagevietnamlaos.com/vendor/laravel/framework/src/Illuminate/Container/BoundMethod.php(31): Illuminate\\Container\\BoundMethod::callBoundMethod(Object(Illuminate\\Foundation\\Application), Array, Object(Closure))
#19 /home/minhcand/public_html/catba.guidevoyagevietnamlaos.com/vendor/laravel/framework/src/Illuminate/Container/Container.php(572): Illuminate\\Container\\BoundMethod::call(Object(Illuminate\\Foundation\\Application), Array, Array, NULL)
#20 /home/minhcand/public_html/catba.guidevoyagevietnamlaos.com/vendor/laravel/framework/src/Illuminate/Foundation/Application.php(819): Illuminate\\Container\\Container->call(Array)
#21 /home/minhcand/public_html/catba.guidevoyagevietnamlaos.com/vendor/laravel/framework/src/Illuminate/Foundation/Application.php(802): Illuminate\\Foundation\\Application->bootProvider(Object(App\\Providers\\RouteServiceProvider))
#22 [internal function]: Illuminate\\Foundation\\Application->Illuminate\\Foundation\\{closure}(Object(App\\Providers\\RouteServiceProvider), 27)
#23 /home/minhcand/public_html/catba.guidevoyagevietnamlaos.com/vendor/laravel/framework/src/Illuminate/Foundation/Application.php(803): array_walk(Array, Object(Closure))
#24 /home/minhcand/public_html/catba.guidevoyagevietnamlaos.com/vendor/laravel/framework/src/Illuminate/Foundation/Bootstrap/BootProviders.php(17): Illuminate\\Foundation\\Application->boot()
#25 /home/minhcand/public_html/catba.guidevoyagevietnamlaos.com/vendor/laravel/framework/src/Illuminate/Foundation/Application.php(211): Illuminate\\Foundation\\Bootstrap\\BootProviders->bootstrap(Object(Illuminate\\Foundation\\Application))
#26 /home/minhcand/public_html/catba.guidevoyagevietnamlaos.com/vendor/laravel/framework/src/Illuminate/Foundation/Http/Kernel.php(162): Illuminate\\Foundation\\Application->bootstrapWith(Array)
#27 /home/minhcand/public_html/catba.guidevoyagevietnamlaos.com/vendor/laravel/framework/src/Illuminate/Foundation/Http/Kernel.php(146): Illuminate\\Foundation\\Http\\Kernel->bootstrap()
#28 /home/minhcand/public_html/catba.guidevoyagevietnamlaos.com/vendor/laravel/framework/src/Illuminate/Foundation/Http/Kernel.php(116): Illuminate\\Foundation\\Http\\Kernel->sendRequestThroughRouter(Object(Illuminate\\Http\\Request))
#29 /home/minhcand/public_html/catba.guidevoyagevietnamlaos.com/public/index.php(55): Illuminate\\Foundation\\Http\\Kernel->handle(Object(Illuminate\\Http\\Request))
#30 {main}
"} 
[2020-02-03 10:24:39] local.ERROR: View [Frontend.home] not found. {"exception":"[object] (InvalidArgumentException(code: 0): View [Frontend.home] not found. at /home/minhcand/public_html/catba.guidevoyagevietnamlaos.com/vendor/laravel/framework/src/Illuminate/View/FileViewFinder.php:137)
[stacktrace]
#0 /home/minhcand/public_html/catba.guidevoyagevietnamlaos.com/vendor/laravel/framework/src/Illuminate/View/FileViewFinder.php(79): Illuminate\\View\\FileViewFinder->findInPaths('Frontend.home', Array)
#1 /home/minhcand/public_html/catba.guidevoyagevietnamlaos.com/vendor/laravel/framework/src/Illuminate/View/Factory.php(130): Illuminate\\View\\FileViewFinder->find('Frontend.home')
#2 /home/minhcand/public_html/catba.guidevoyagevietnamlaos.com/vendor/laravel/framework/src/Illuminate/Foundation/helpers.php(1011): Illuminate\\View\\Factory->make('Frontend.home', Array, Array)
#3 /home/minhcand/public_html/catba.guidevoyagevietnamlaos.com/app/Http/Controllers/Frontend/FrontendController.php(21): view('Frontend.home')
#4 [internal function]: App\\Http\\Controllers\\Frontend\\FrontendController->home()
#5 /home/minhcand/public_html/catba.guidevoyagevietnamlaos.com/vendor/laravel/framework/src/Illuminate/Routing/Controller.php(54): call_user_func_array(Array, Array)
#6 /home/minhcand/public_html/catba.guidevoyagevietnamlaos.com/vendor/laravel/framework/src/Illuminate/Routing/ControllerDispatcher.php(45): Illuminate\\Routing\\Controller->callAction('home', Array)
#7 /home/minhcand/public_html/catba.guidevoyagevietnamlaos.com/vendor/laravel/framework/src/Illuminate/Routing/Route.php(219): Illuminate\\Routing\\ControllerDispatcher->dispatch(Object(Illuminate\\Routing\\Route), Object(App\\Http\\Controllers\\Frontend\\FrontendController), 'home')
#8 /home/minhcand/public_html/catba.guidevoyagevietnamlaos.com/vendor/laravel/framework/src/Illuminate/Routing/Route.php(176): Illuminate\\Routing\\Route->runController()
#9 /home/minhcand/public_html/catba.guidevoyagevietnamlaos.com/vendor/laravel/framework/src/Illuminate/Routing/Router.php(682): Illuminate\\Routing\\Route->run()
#10 /home/minhcand/public_html/catba.guidevoyagevietnamlaos.com/vendor/laravel/framework/src/Illuminate/Routing/Pipeline.php(30): Illuminate\\Routing\\Router->Illuminate\\Routing\\{closure}(Object(Illuminate\\Http\\Request))
#11 /home/minhcand/public_html/catba.guidevoyagevietnamlaos.com/vendor/laravel/framework/src/Illuminate/Routing/Middleware/SubstituteBindings.php(41): Illuminate\\Routing\\Pipeline->Illuminate\\Routing\\{closure}(Object(Illuminate\\Http\\Request))
#12 /home/minhcand/public_html/catba.guidevoyagevietnamlaos.com/vendor/laravel/framework/src/Illuminate/Pipeline/Pipeline.php(163): Illuminate\\Routing\\Middleware\\SubstituteBindings->handle(Object(Illuminate\\Http\\Request), Object(Closure))
#13 /home/minhcand/public_html/catba.guidevoyagevietnamlaos.com/vendor/laravel/framework/src/Illuminate/Routing/Pipeline.php(53): Illuminate\\Pipeline\\Pipeline->Illuminate\\Pipeline\\{closure}(Object(Illuminate\\Http\\Request))
#14 /home/minhcand/public_html/catba.guidevoyagevietnamlaos.com/vendor/laravel/framework/src/Illuminate/Foundation/Http/Middleware/VerifyCsrfToken.php(75): Illuminate\\Routing\\Pipeline->Illuminate\\Routing\\{closure}(Object(Illuminate\\Http\\Request))
#15 /home/minhcand/public_html/catba.guidevoyagevietnamlaos.com/vendor/laravel/framework/src/Illuminate/Pipeline/Pipeline.php(163): Illuminate\\Foundation\\Http\\Middleware\\VerifyCsrfToken->handle(Object(Illuminate\\Http\\Request), Object(Closure))
#16 /home/minhcand/public_html/catba.guidevoyagevietnamlaos.com/vendor/laravel/framework/src/Illuminate/Routing/Pipeline.php(53): Illuminate\\Pipeline\\Pipeline->Illuminate\\Pipeline\\{closure}(Object(Illuminate\\Http\\Request))
#17 /home/minhcand/public_html/catba.guidevoyagevietnamlaos.com/vendor/laravel/framework/src/Illuminate/View/Middleware/ShareErrorsFromSession.php(49): Illuminate\\Routing\\Pipeline->Illuminate\\Routing\\{closure}(Object(Illuminate\\Http\\Request))
#18 /home/minhcand/public_html/catba.guidevoyagevietnamlaos.com/vendor/laravel/framework/src/Illuminate/Pipeline/Pipeline.php(163): Illuminate\\View\\Middleware\\ShareErrorsFromSession->handle(Object(Illuminate\\Http\\Request), Object(Closure))
#19 /home/minhcand/public_html/catba.guidevoyagevietnamlaos.com/vendor/laravel/framework/src/Illuminate/Routing/Pipeline.php(53): Illuminate\\Pipeline\\Pipeline->Illuminate\\Pipeline\\{closure}(Object(Illuminate\\Http\\Request))
#20 /home/minhcand/public_html/catba.guidevoyagevietnamlaos.com/vendor/laravel/framework/src/Illuminate/Session/Middleware/StartSession.php(63): Illuminate\\Routing\\Pipeline->Illuminate\\Routing\\{closure}(Object(Illuminate\\Http\\Request))
#21 /home/minhcand/public_html/catba.guidevoyagevietnamlaos.com/vendor/laravel/framework/src/Illuminate/Pipeline/Pipeline.php(163): Illuminate\\Session\\Middleware\\StartSession->handle(Object(Illuminate\\Http\\Request), Object(Closure))
#22 /home/minhcand/public_html/catba.guidevoyagevietnamlaos.com/vendor/laravel/framework/src/Illuminate/Routing/Pipeline.php(53): Illuminate\\Pipeline\\Pipeline->Illuminate\\Pipeline\\{closure}(Object(Illuminate\\Http\\Request))
#23 /home/minhcand/public_html/catba.guidevoyagevietnamlaos.com/vendor/laravel/framework/src/Illuminate/Cookie/Middleware/AddQueuedCookiesToResponse.php(37): Illuminate\\Routing\\Pipeline->Illuminate\\Routing\\{closure}(Object(Illuminate\\Http\\Request))
#24 /home/minhcand/public_html/catba.guidevoyagevietnamlaos.com/vendor/laravel/framework/src/Illuminate/Pipeline/Pipeline.php(163): Illuminate\\Cookie\\Middleware\\AddQueuedCookiesToResponse->handle(Object(Illuminate\\Http\\Request), Object(Closure))
#25 /home/minhcand/public_html/catba.guidevoyagevietnamlaos.com/vendor/laravel/framework/src/Illuminate/Routing/Pipeline.php(53): Illuminate\\Pipeline\\Pipeline->Illuminate\\Pipeline\\{closure}(Object(Illuminate\\Http\\Request))
#26 /home/minhcand/public_html/catba.guidevoyagevietnamlaos.com/vendor/laravel/framework/src/Illuminate/Cookie/Middleware/EncryptCookies.php(66): Illuminate\\Routing\\Pipeline->Illuminate\\Routing\\{closure}(Object(Illuminate\\Http\\Request))
#27 /home/minhcand/public_html/catba.guidevoyagevietnamlaos.com/vendor/laravel/framework/src/Illuminate/Pipeline/Pipeline.php(163): Illuminate\\Cookie\\Middleware\\EncryptCookies->handle(Object(Illuminate\\Http\\Request), Object(Closure))
#28 /home/minhcand/public_html/catba.guidevoyagevietnamlaos.com/vendor/laravel/framework/src/Illuminate/Routing/Pipeline.php(53): Illuminate\\Pipeline\\Pipeline->Illuminate\\Pipeline\\{closure}(Object(Illuminate\\Http\\Request))
#29 /home/minhcand/public_html/catba.guidevoyagevietnamlaos.com/vendor/laravel/framework/src/Illuminate/Pipeline/Pipeline.php(104): Illuminate\\Routing\\Pipeline->Illuminate\\Routing\\{closure}(Object(Illuminate\\Http\\Request))
#30 /home/minhcand/public_html/catba.guidevoyagevietnamlaos.com/vendor/laravel/framework/src/Illuminate/Routing/Router.php(684): Illuminate\\Pipeline\\Pipeline->then(Object(Closure))
#31 /home/minhcand/public_html/catba.guidevoyagevietnamlaos.com/vendor/laravel/framework/src/Illuminate/Routing/Router.php(659): Illuminate\\Routing\\Router->runRouteWithinStack(Object(Illuminate\\Routing\\Route), Object(Illuminate\\Http\\Request))
#32 /home/minhcand/public_html/catba.guidevoyagevietnamlaos.com/vendor/laravel/framework/src/Illuminate/Routing/Router.php(625): Illuminate\\Routing\\Router->runRoute(Object(Illuminate\\Http\\Request), Object(Illuminate\\Routing\\Route))
#33 /home/minhcand/public_html/catba.guidevoyagevietnamlaos.com/vendor/laravel/framework/src/Illuminate/Routing/Router.php(614): Illuminate\\Routing\\Router->dispatchToRoute(Object(Illuminate\\Http\\Request))
#34 /home/minhcand/public_html/catba.guidevoyagevietnamlaos.com/vendor/laravel/framework/src/Illuminate/Foundation/Http/Kernel.php(176): Illuminate\\Routing\\Router->dispatch(Object(Illuminate\\Http\\Request))
#35 /home/minhcand/public_html/catba.guidevoyagevietnamlaos.com/vendor/laravel/framework/src/Illuminate/Routing/Pipeline.php(30): Illuminate\\Foundation\\Http\\Kernel->Illuminate\\Foundation\\Http\\{closure}(Object(Illuminate\\Http\\Request))
#36 /home/minhcand/public_html/catba.guidevoyagevietnamlaos.com/vendor/fideloper/proxy/src/TrustProxies.php(57): Illuminate\\Routing\\Pipeline->Illuminate\\Routing\\{closure}(Object(Illuminate\\Http\\Request))
#37 /home/minhcand/public_html/catba.guidevoyagevietnamlaos.com/vendor/laravel/framework/src/Illuminate/Pipeline/Pipeline.php(163): Fideloper\\Proxy\\TrustProxies->handle(Object(Illuminate\\Http\\Request), Object(Closure))
#38 /home/minhcand/public_html/catba.guidevoyagevietnamlaos.com/vendor/laravel/framework/src/Illuminate/Routing/Pipeline.php(53): Illuminate\\Pipeline\\Pipeline->Illuminate\\Pipeline\\{closure}(Object(Illuminate\\Http\\Request))
#39 /home/minhcand/public_html/catba.guidevoyagevietnamlaos.com/vendor/laravel/framework/src/Illuminate/Foundation/Http/Middleware/TransformsRequest.php(31): Illuminate\\Routing\\Pipeline->Illuminate\\Routing\\{closure}(Object(Illuminate\\Http\\Request))
#40 /home/minhcand/public_html/catba.guidevoyagevietnamlaos.com/vendor/laravel/framework/src/Illuminate/Pipeline/Pipeline.php(163): Illuminate\\Foundation\\Http\\Middleware\\TransformsRequest->handle(Object(Illuminate\\Http\\Request), Object(Closure))
#41 /home/minhcand/public_html/catba.guidevoyagevietnamlaos.com/vendor/laravel/framework/src/Illuminate/Routing/Pipeline.php(53): Illuminate\\Pipeline\\Pipeline->Illuminate\\Pipeline\\{closure}(Object(Illuminate\\Http\\Request))
#42 /home/minhcand/public_html/catba.guidevoyagevietnamlaos.com/vendor/laravel/framework/src/Illuminate/Foundation/Http/Middleware/TransformsRequest.php(31): Illuminate\\Routing\\Pipeline->Illuminate\\Routing\\{closure}(Object(Illuminate\\Http\\Request))
#43 /home/minhcand/public_html/catba.guidevoyagevietnamlaos.com/vendor/laravel/framework/src/Illuminate/Pipeline/Pipeline.php(163): Illuminate\\Foundation\\Http\\Middleware\\TransformsRequest->handle(Object(Illuminate\\Http\\Request), Object(Closure))
#44 /home/minhcand/public_html/catba.guidevoyagevietnamlaos.com/vendor/laravel/framework/src/Illuminate/Routing/Pipeline.php(53): Illuminate\\Pipeline\\Pipeline->Illuminate\\Pipeline\\{closure}(Object(Illuminate\\Http\\Request))
#45 /home/minhcand/public_html/catba.guidevoyagevietnamlaos.com/vendor/laravel/framework/src/Illuminate/Foundation/Http/Middleware/ValidatePostSize.php(27): Illuminate\\Routing\\Pipeline->Illuminate\\Routing\\{closure}(Object(Illuminate\\Http\\Request))
#46 /home/minhcand/public_html/catba.guidevoyagevietnamlaos.com/vendor/laravel/framework/src/Illuminate/Pipeline/Pipeline.php(163): Illuminate\\Foundation\\Http\\Middleware\\ValidatePostSize->handle(Object(Illuminate\\Http\\Request), Object(Closure))
#47 /home/minhcand/public_html/catba.guidevoyagevietnamlaos.com/vendor/laravel/framework/src/Illuminate/Routing/Pipeline.php(53): Illuminate\\Pipeline\\Pipeline->Illuminate\\Pipeline\\{closure}(Object(Illuminate\\Http\\Request))
#48 /home/minhcand/public_html/catba.guidevoyagevietnamlaos.com/vendor/laravel/framework/src/Illuminate/Foundation/Http/Middleware/CheckForMaintenanceMode.php(62): Illuminate\\Routing\\Pipeline->Illuminate\\Routing\\{closure}(Object(Illuminate\\Http\\Request))
#49 /home/minhcand/public_html/catba.guidevoyagevietnamlaos.com/vendor/laravel/framework/src/Illuminate/Pipeline/Pipeline.php(163): Illuminate\\Foundation\\Http\\Middleware\\CheckForMaintenanceMode->handle(Object(Illuminate\\Http\\Request), Object(Closure))
#50 /home/minhcand/public_html/catba.guidevoyagevietnamlaos.com/vendor/laravel/framework/src/Illuminate/Routing/Pipeline.php(53): Illuminate\\Pipeline\\Pipeline->Illuminate\\Pipeline\\{closure}(Object(Illuminate\\Http\\Request))
#51 /home/minhcand/public_html/catba.guidevoyagevietnamlaos.com/vendor/laravel/framework/src/Illuminate/Pipeline/Pipeline.php(104): Illuminate\\Routing\\Pipeline->Illuminate\\Routing\\{closure}(Object(Illuminate\\Http\\Request))
#52 /home/minhcand/public_html/catba.guidevoyagevietnamlaos.com/vendor/laravel/framework/src/Illuminate/Foundation/Http/Kernel.php(151): Illuminate\\Pipeline\\Pipeline->then(Object(Closure))
#53 /home/minhcand/public_html/catba.guidevoyagevietnamlaos.com/vendor/laravel/framework/src/Illuminate/Foundation/Http/Kernel.php(116): Illuminate\\Foundation\\Http\\Kernel->sendRequestThroughRouter(Object(Illuminate\\Http\\Request))
#54 /home/minhcand/public_html/catba.guidevoyagevietnamlaos.com/public/index.php(55): Illuminate\\Foundation\\Http\\Kernel->handle(Object(Illuminate\\Http\\Request))
#55 {main}
"} 
[2020-02-03 10:24:39] local.ERROR: file_put_contents(C:\xampp\htdocs\travelvn\storage\framework/sessions/iNsQobNvc5FWKXYbBPJUUZbe8ATDBCtPC2mEH98E): failed to open stream: No such file or directory {"exception":"[object] (ErrorException(code: 0): file_put_contents(C:\\xampp\\htdocs\\travelvn\\storage\\framework/sessions/iNsQobNvc5FWKXYbBPJUUZbe8ATDBCtPC2mEH98E): failed to open stream: No such file or directory at /home/minhcand/public_html/catba.guidevoyagevietnamlaos.com/vendor/laravel/framework/src/Illuminate/Filesystem/Filesystem.php:122)
[stacktrace]
#0 [internal function]: Illuminate\\Foundation\\Bootstrap\\HandleExceptions->handleError(2, 'file_put_conten...', '/home/minhcand/...', 122, Array)
#1 /home/minhcand/public_html/catba.guidevoyagevietnamlaos.com/vendor/laravel/framework/src/Illuminate/Filesystem/Filesystem.php(122): file_put_contents('C:\\\\xampp\\\\htdocs...', 'a:3:{s:6:\"_toke...', 2)
#2 /home/minhcand/public_html/catba.guidevoyagevietnamlaos.com/vendor/laravel/framework/src/Illuminate/Session/FileSessionHandler.php(83): Illuminate\\Filesystem\\Filesystem->put('C:\\\\xampp\\\\htdocs...', 'a:3:{s:6:\"_toke...', true)
#3 /home/minhcand/public_html/catba.guidevoyagevietnamlaos.com/vendor/laravel/framework/src/Illuminate/Session/Store.php(129): Illuminate\\Session\\FileSessionHandler->write('iNsQobNvc5FWKXY...', 'a:3:{s:6:\"_toke...')
#4 /home/minhcand/public_html/catba.guidevoyagevietnamlaos.com/vendor/laravel/framework/src/Illuminate/Session/Middleware/StartSession.php(87): Illuminate\\Session\\Store->save()
#5 /home/minhcand/public_html/catba.guidevoyagevietnamlaos.com/vendor/laravel/framework/src/Illuminate/Foundation/Http/Kernel.php(218): Illuminate\\Session\\Middleware\\StartSession->terminate(Object(Illuminate\\Http\\Request), Object(Illuminate\\Http\\Response))
#6 /home/minhcand/public_html/catba.guidevoyagevietnamlaos.com/vendor/laravel/framework/src/Illuminate/Foundation/Http/Kernel.php(189): Illuminate\\Foundation\\Http\\Kernel->terminateMiddleware(Object(Illuminate\\Http\\Request), Object(Illuminate\\Http\\Response))
#7 /home/minhcand/public_html/catba.guidevoyagevietnamlaos.com/public/index.php(60): Illuminate\\Foundation\\Http\\Kernel->terminate(Object(Illuminate\\Http\\Request), Object(Illuminate\\Http\\Response))
#8 {main}
"} 
